[main f24301c] Auto-commit: 2025-08-08 23:57:01
 Committer: Simisoft <simisoft@simisoft.mynet>
Your name and email address were configured automatically based
on your username and hostname. Please check that they are accurate.
You can suppress this message by setting them explicitly. Run the
following command and follow the instructions in your editor to edit
your configuration file:

    git config --global --edit

After doing this, you may fix the identity used for this commit with:

    git commit --amend --reset-author

 2 files changed, 1 insertion(+), 1 deletion(-)
 create mode 100644 auto-commit.log
To github.com:simisoft-exo/logseq.git
   8073d3b..f24301c  main -> main
Changes committed and pushed at 2025-08-08 23:57:01
No changes to commit at 2025-08-08 23:58:01
No changes to commit at 2025-08-08 23:59:01
No changes to commit at 2025-08-09 00:00:01
No changes to commit at 2025-08-09 00:01:01
No changes to commit at 2025-08-09 00:02:01
No changes to commit at 2025-08-09 00:03:01
No changes to commit at 2025-08-09 00:04:01
No changes to commit at 2025-08-09 00:05:01
[main c04d2d3] Auto-commit: 2025-08-09 00:06:01
 Committer: Simisoft <simisoft@simisoft.mynet>
Your name and email address were configured automatically based
on your username and hostname. Please check that they are accurate.
You can suppress this message by setting them explicitly. Run the
following command and follow the instructions in your editor to edit
your configuration file:

    git config --global --edit

After doing this, you may fix the identity used for this commit with:

    git commit --amend --reset-author

 1 file changed, 0 insertions(+), 0 deletions(-)
 delete mode 100644 .auto-commit.sh.swp
To github.com:simisoft-exo/logseq.git
   5ed152c..c04d2d3  main -> main
Changes committed and pushed at 2025-08-09 00:06:01
No changes to commit at 2025-08-09 00:07:01
[main 4271db7] Auto-commit: 2025-08-09 12:29:01
 Committer: Simisoft <simisoft@simisoft.mynet>
Your name and email address were configured automatically based
on your username and hostname. Please check that they are accurate.
You can suppress this message by setting them explicitly. Run the
following command and follow the instructions in your editor to edit
your configuration file:

    git config --global --edit

After doing this, you may fix the identity used for this commit with:

    git commit --amend --reset-author

 1 file changed, 1 insertion(+)
To github.com:simisoft-exo/logseq.git
   c04d2d3..4271db7  main -> main
Changes committed and pushed at 2025-08-09 12:29:01
[main 619e2d6] Auto-commit: 2025-08-09 12:30:00
 Committer: Simisoft <simisoft@simisoft.mynet>
Your name and email address were configured automatically based
on your username and hostname. Please check that they are accurate.
You can suppress this message by setting them explicitly. Run the
following command and follow the instructions in your editor to edit
your configuration file:

    git config --global --edit

After doing this, you may fix the identity used for this commit with:

    git commit --amend --reset-author

 1 file changed, 18 insertions(+)
To github.com:simisoft-exo/logseq.git
   4271db7..619e2d6  main -> main
Changes committed and pushed at 2025-08-09 12:30:00
